Traceback (most recent call last):
  File "/home/runner/.cache/pypoetry/virtualenvs/mtbp3-STzYEG9e-py3.10/lib/python3.10/site-packages/jupyter_cache/executors/utils.py", line 58, in single_nb_execution
    executenb(
  File "/home/runner/.cache/pypoetry/virtualenvs/mtbp3-STzYEG9e-py3.10/lib/python3.10/site-packages/nbclient/client.py", line 1314, in execute
    return NotebookClient(nb=nb, resources=resources, km=km, **kwargs).execute()
  File "/home/runner/.cache/pypoetry/virtualenvs/mtbp3-STzYEG9e-py3.10/lib/python3.10/site-packages/jupyter_core/utils/__init__.py", line 165, in wrapped
    return loop.run_until_complete(inner)
  File "/opt/hostedtoolcache/Python/3.10.14/x64/lib/python3.10/asyncio/base_events.py", line 649, in run_until_complete
    return future.result()
  File "/home/runner/.cache/pypoetry/virtualenvs/mtbp3-STzYEG9e-py3.10/lib/python3.10/site-packages/nbclient/client.py", line 709, in async_execute
    await self.async_execute_cell(
  File "/home/runner/.cache/pypoetry/virtualenvs/mtbp3-STzYEG9e-py3.10/lib/python3.10/site-packages/nbclient/client.py", line 1062, in async_execute_cell
    await self._check_raise_for_error(cell, cell_index, exec_reply)
  File "/home/runner/.cache/pypoetry/virtualenvs/mtbp3-STzYEG9e-py3.10/lib/python3.10/site-packages/nbclient/client.py", line 918, in _check_raise_for_error
    raise CellExecutionError.from_cell_and_msg(cell, exec_reply_content)
nbclient.exceptions.CellExecutionError: An error occurred while executing the following cell:
------------------
        
result = summary.count_to_cate(['study', 'treatment', 'subject', 'visit'], 'calorie', [0,500,1000,2000], stats=['count','total_count'])
print(result.head(2))
------------------


[0;31m---------------------------------------------------------------------------[0m
[0;31mKeyError[0m                                  Traceback (most recent call last)
[0;32m/tmp/ipykernel_1929/366384368.py[0m in [0;36m?[0;34m()[0m
[0;32m----> 1[0;31m [0mresult[0m [0;34m=[0m [0msummary[0m[0;34m.[0m[0mcount_to_cate[0m[0;34m([0m[0;34m[[0m[0;34m'study'[0m[0;34m,[0m [0;34m'treatment'[0m[0;34m,[0m [0;34m'subject'[0m[0;34m,[0m [0;34m'visit'[0m[0;34m][0m[0;34m,[0m [0;34m'calorie'[0m[0;34m,[0m [0;34m[[0m[0;36m0[0m[0;34m,[0m[0;36m500[0m[0;34m,[0m[0;36m1000[0m[0;34m,[0m[0;36m2000[0m[0;34m][0m[0;34m,[0m [0mstats[0m[0;34m=[0m[0;34m[[0m[0;34m'count'[0m[0;34m,[0m[0;34m'total_count'[0m[0;34m][0m[0;34m)[0m[0;34m[0m[0;34m[0m[0m
[0m[1;32m      2[0m [0mprint[0m[0;34m([0m[0mresult[0m[0;34m.[0m[0mhead[0m[0;34m([0m[0;36m2[0m[0;34m)[0m[0;34m)[0m[0;34m[0m[0;34m[0m[0m

[0;32m~/work/mtbp3/mtbp3/mtbp3/health/clinical.py[0m in [0;36m?[0;34m(self, group_columns, target_column, bins, stats)[0m
[1;32m    123[0m                     [0mout0[0m[0;34m.[0m[0mcolumns[0m [0;34m=[0m [0;34m[[0m[0;34mf"{col}_0"[0m [0;32mif[0m [0mcol[0m [0;32min[0m [0mout1[0m[0;34m.[0m[0mcolumns[0m [0;32melse[0m [0mcol[0m [0;32mfor[0m [0mcol[0m [0;32min[0m [0mout0[0m[0;34m.[0m[0mcolumns[0m[0;34m][0m[0;34m[0m[0;34m[0m[0m
[1;32m    124[0m                     [0mout0[0m[0;34m.[0m[0mcolumns[0m [0;34m=[0m [0;34m[[0m[0;34mf"{col}_1"[0m [0;32mif[0m [0mcol[0m [0;32min[0m [0mout1[0m[0;34m.[0m[0mcolumns[0m [0;32melse[0m [0mcol[0m [0;32mfor[0m [0mcol[0m [0;32min[0m [0mout0[0m[0;34m.[0m[0mcolumns[0m[0;34m][0m[0;34m[0m[0;34m[0m[0m
[1;32m    125[0m                     [0;32mif[0m [0many[0m[0;34m([0m[0mcol[0m [0;32min[0m [0mout1[0m[0;34m.[0m[0mcolumns[0m [0;32mfor[0m [0mcol[0m [0;32min[0m [0mout0[0m[0;34m.[0m[0mcolumns[0m[0;34m)[0m[0;34m:[0m[0;34m[0m[0;34m[0m[0m
[1;32m    126[0m                         [0;32mraise[0m [0mValueError[0m[0;34m([0m[0;34m"Duplicated column names found in input data."[0m[0;34m)[0m[0;34m[0m[0;34m[0m[0m
[0;32m--> 127[0;31m                     [0mout1[0m [0;34m=[0m [0mout1[0m[0;34m.[0m[0mmerge[0m[0;34m([0m[0mout0[0m[0;34m,[0m [0mon[0m[0;34m=[0m[0mgroup_columns[0m[0;34m,[0m [0mhow[0m[0;34m=[0m[0;34m'outer'[0m[0;34m)[0m[0;34m[0m[0;34m[0m[0m
[0m[1;32m    128[0m                 [0;32melse[0m[0;34m:[0m[0;34m[0m[0;34m[0m[0m
[1;32m    129[0m                     [0mout1[0m [0;34m=[0m [0mout0[0m[0;34m[0m[0;34m[0m[0m
[1;32m    130[0m [0;34m[0m[0m

[0;32m~/.cache/pypoetry/virtualenvs/mtbp3-STzYEG9e-py3.10/lib/python3.10/site-packages/pandas/core/frame.py[0m in [0;36m?[0;34m(self, right, how, on, left_on, right_on, left_index, right_index, sort, suffixes, copy, indicator, validate)[0m
[1;32m  10815[0m         [0mvalidate[0m[0;34m:[0m [0mMergeValidate[0m [0;34m|[0m [0;32mNone[0m [0;34m=[0m [0;32mNone[0m[0;34m,[0m[0;34m[0m[0;34m[0m[0m
[1;32m  10816[0m     ) -> DataFrame:
[1;32m  10817[0m         [0;32mfrom[0m [0mpandas[0m[0;34m.[0m[0mcore[0m[0;34m.[0m[0mreshape[0m[0;34m.[0m[0mmerge[0m [0;32mimport[0m [0mmerge[0m[0;34m[0m[0;34m[0m[0m
[1;32m  10818[0m [0;34m[0m[0m
[0;32m> 10819[0;31m         return merge(
[0m[1;32m  10820[0m             [0mself[0m[0;34m,[0m[0;34m[0m[0;34m[0m[0m
[1;32m  10821[0m             [0mright[0m[0;34m,[0m[0;34m[0m[0;34m[0m[0m
[1;32m  10822[0m             [0mhow[0m[0;34m=[0m[0mhow[0m[0;34m,[0m[0;34m[0m[0;34m[0m[0m

[0;32m~/.cache/pypoetry/virtualenvs/mtbp3-STzYEG9e-py3.10/lib/python3.10/site-packages/pandas/core/reshape/merge.py[0m in [0;36m?[0;34m(left, right, how, on, left_on, right_on, left_index, right_index, sort, suffixes, copy, indicator, validate)[0m
[1;32m    166[0m             [0mvalidate[0m[0;34m=[0m[0mvalidate[0m[0;34m,[0m[0;34m[0m[0;34m[0m[0m
[1;32m    167[0m             [0mcopy[0m[0;34m=[0m[0mcopy[0m[0;34m,[0m[0;34m[0m[0;34m[0m[0m
[1;32m    168[0m         )
[1;32m    169[0m     [0;32melse[0m[0;34m:[0m[0;34m[0m[0;34m[0m[0m
[0;32m--> 170[0;31m         op = _MergeOperation(
[0m[1;32m    171[0m             [0mleft_df[0m[0;34m,[0m[0;34m[0m[0;34m[0m[0m
[1;32m    172[0m             [0mright_df[0m[0;34m,[0m[0;34m[0m[0;34m[0m[0m
[1;32m    173[0m             [0mhow[0m[0;34m=[0m[0mhow[0m[0;34m,[0m[0;34m[0m[0;34m[0m[0m

[0;32m~/.cache/pypoetry/virtualenvs/mtbp3-STzYEG9e-py3.10/lib/python3.10/site-packages/pandas/core/reshape/merge.py[0m in [0;36m?[0;34m(self, left, right, how, on, left_on, right_on, left_index, right_index, sort, suffixes, indicator, validate)[0m
[1;32m    790[0m             [0mself[0m[0;34m.[0m[0mright_join_keys[0m[0;34m,[0m[0;34m[0m[0;34m[0m[0m
[1;32m    791[0m             [0mself[0m[0;34m.[0m[0mjoin_names[0m[0;34m,[0m[0;34m[0m[0;34m[0m[0m
[1;32m    792[0m             [0mleft_drop[0m[0;34m,[0m[0;34m[0m[0;34m[0m[0m
[1;32m    793[0m             [0mright_drop[0m[0;34m,[0m[0;34m[0m[0;34m[0m[0m
[0;32m--> 794[0;31m         ) = self._get_merge_keys()
[0m[1;32m    795[0m [0;34m[0m[0m
[1;32m    796[0m         [0;32mif[0m [0mleft_drop[0m[0;34m:[0m[0;34m[0m[0;34m[0m[0m
[1;32m    797[0m             [0mself[0m[0;34m.[0m[0mleft[0m [0;34m=[0m [0mself[0m[0;34m.[0m[0mleft[0m[0;34m.[0m[0m_drop_labels_or_levels[0m[0;34m([0m[0mleft_drop[0m[0;34m)[0m[0;34m[0m[0;34m[0m[0m

[0;32m~/.cache/pypoetry/virtualenvs/mtbp3-STzYEG9e-py3.10/lib/python3.10/site-packages/pandas/core/reshape/merge.py[0m in [0;36m?[0;34m(self)[0m
[1;32m   1293[0m                         [0;31m# Then we're either Hashable or a wrong-length arraylike,[0m[0;34m[0m[0;34m[0m[0m
[1;32m   1294[0m                         [0;31m#  the latter of which will raise[0m[0;34m[0m[0;34m[0m[0m
[1;32m   1295[0m                         [0mrk[0m [0;34m=[0m [0mcast[0m[0;34m([0m[0mHashable[0m[0;34m,[0m [0mrk[0m[0;34m)[0m[0;34m[0m[0;34m[0m[0m
[1;32m   1296[0m                         [0;32mif[0m [0mrk[0m [0;32mis[0m [0;32mnot[0m [0;32mNone[0m[0;34m:[0m[0;34m[0m[0;34m[0m[0m
[0;32m-> 1297[0;31m                             [0mright_keys[0m[0;34m.[0m[0mappend[0m[0;34m([0m[0mright[0m[0;34m.[0m[0m_get_label_or_level_values[0m[0;34m([0m[0mrk[0m[0;34m)[0m[0;34m)[0m[0;34m[0m[0;34m[0m[0m
[0m[1;32m   1298[0m                         [0;32melse[0m[0;34m:[0m[0;34m[0m[0;34m[0m[0m
[1;32m   1299[0m                             [0;31m# work-around for merge_asof(right_index=True)[0m[0;34m[0m[0;34m[0m[0m
[1;32m   1300[0m                             [0mright_keys[0m[0;34m.[0m[0mappend[0m[0;34m([0m[0mright[0m[0;34m.[0m[0mindex[0m[0;34m.[0m[0m_values[0m[0;34m)[0m[0;34m[0m[0;34m[0m[0m

[0;32m~/.cache/pypoetry/virtualenvs/mtbp3-STzYEG9e-py3.10/lib/python3.10/site-packages/pandas/core/generic.py[0m in [0;36m?[0;34m(self, key, axis)[0m
[1;32m   1906[0m             [0mvalues[0m [0;34m=[0m [0mself[0m[0;34m.[0m[0mxs[0m[0;34m([0m[0mkey[0m[0;34m,[0m [0maxis[0m[0;34m=[0m[0mother_axes[0m[0;34m[[0m[0;36m0[0m[0;34m][0m[0;34m)[0m[0;34m.[0m[0m_values[0m[0;34m[0m[0;34m[0m[0m
[1;32m   1907[0m         [0;32melif[0m [0mself[0m[0;34m.[0m[0m_is_level_reference[0m[0;34m([0m[0mkey[0m[0;34m,[0m [0maxis[0m[0;34m=[0m[0maxis[0m[0;34m)[0m[0;34m:[0m[0;34m[0m[0;34m[0m[0m
[1;32m   1908[0m             [0mvalues[0m [0;34m=[0m [0mself[0m[0;34m.[0m[0maxes[0m[0;34m[[0m[0maxis[0m[0;34m][0m[0;34m.[0m[0mget_level_values[0m[0;34m([0m[0mkey[0m[0;34m)[0m[0;34m.[0m[0m_values[0m[0;34m[0m[0;34m[0m[0m
[1;32m   1909[0m         [0;32melse[0m[0;34m:[0m[0;34m[0m[0;34m[0m[0m
[0;32m-> 1910[0;31m             [0;32mraise[0m [0mKeyError[0m[0;34m([0m[0mkey[0m[0;34m)[0m[0;34m[0m[0;34m[0m[0m
[0m[1;32m   1911[0m [0;34m[0m[0m
[1;32m   1912[0m         [0;31m# Check for duplicates[0m[0;34m[0m[0;34m[0m[0m
[1;32m   1913[0m         [0;32mif[0m [0mvalues[0m[0;34m.[0m[0mndim[0m [0;34m>[0m [0;36m1[0m[0;34m:[0m[0;34m[0m[0;34m[0m[0m

[0;31mKeyError[0m: 'study'

