Traceback (most recent call last):
  File "/home/runner/.cache/pypoetry/virtualenvs/mtbp3-STzYEG9e-py3.10/lib/python3.10/site-packages/jupyter_cache/executors/utils.py", line 58, in single_nb_execution
    executenb(
  File "/home/runner/.cache/pypoetry/virtualenvs/mtbp3-STzYEG9e-py3.10/lib/python3.10/site-packages/nbclient/client.py", line 1314, in execute
    return NotebookClient(nb=nb, resources=resources, km=km, **kwargs).execute()
  File "/home/runner/.cache/pypoetry/virtualenvs/mtbp3-STzYEG9e-py3.10/lib/python3.10/site-packages/jupyter_core/utils/__init__.py", line 165, in wrapped
    return loop.run_until_complete(inner)
  File "/opt/hostedtoolcache/Python/3.10.15/x64/lib/python3.10/asyncio/base_events.py", line 649, in run_until_complete
    return future.result()
  File "/home/runner/.cache/pypoetry/virtualenvs/mtbp3-STzYEG9e-py3.10/lib/python3.10/site-packages/nbclient/client.py", line 709, in async_execute
    await self.async_execute_cell(
  File "/home/runner/.cache/pypoetry/virtualenvs/mtbp3-STzYEG9e-py3.10/lib/python3.10/site-packages/nbclient/client.py", line 1062, in async_execute_cell
    await self._check_raise_for_error(cell, cell_index, exec_reply)
  File "/home/runner/.cache/pypoetry/virtualenvs/mtbp3-STzYEG9e-py3.10/lib/python3.10/site-packages/nbclient/client.py", line 918, in _check_raise_for_error
    raise CellExecutionError.from_cell_and_msg(cell, exec_reply_content)
nbclient.exceptions.CellExecutionError: An error occurred while executing the following cell:
------------------
print("\n".join(ctoc.find_section_given_words(words=["REMS","dsur"], outfmt='tree', colored='magenta')))
------------------


[0;31m---------------------------------------------------------------------------[0m
[0;31mUnboundLocalError[0m                         Traceback (most recent call last)
Cell [0;32mIn[8], line 1[0m
[0;32m----> 1[0m [38;5;28mprint[39m([38;5;124m"[39m[38;5;130;01m\n[39;00m[38;5;124m"[39m[38;5;241m.[39mjoin([43mctoc[49m[38;5;241;43m.[39;49m[43mfind_section_given_words[49m[43m([49m[43mwords[49m[38;5;241;43m=[39;49m[43m[[49m[38;5;124;43m"[39;49m[38;5;124;43mREMS[39;49m[38;5;124;43m"[39;49m[43m,[49m[38;5;124;43m"[39;49m[38;5;124;43mdsur[39;49m[38;5;124;43m"[39;49m[43m][49m[43m,[49m[43m [49m[43moutfmt[49m[38;5;241;43m=[39;49m[38;5;124;43m'[39;49m[38;5;124;43mtree[39;49m[38;5;124;43m'[39;49m[43m,[49m[43m [49m[43mcolored[49m[38;5;241;43m=[39;49m[38;5;124;43m'[39;49m[38;5;124;43mmagenta[39;49m[38;5;124;43m'[39;49m[43m)[49m))

File [0;32m~/work/mtbp3/mtbp3/mtbp3/health/ectd.py:108[0m, in [0;36mctoc_by_fda.find_section_given_words[0;34m(self, words, outfmt, include, to_right, colored)[0m
[1;32m    106[0m     first_part [38;5;241m=[39m split_row[[38;5;241m0[39m]
[1;32m    107[0m     second_part [38;5;241m=[39m split_row[[38;5;241m1[39m]
[0;32m--> 108[0m     colored_second_part [38;5;241m=[39m [43mutil[49m[38;5;241;43m.[39;49m[43mcdt[49m[38;5;241;43m.[39;49m[43mcolor_str[49m[43m([49m[43msecond_part[49m[43m,[49m[43m [49m[43mwords[49m[38;5;241;43m=[39;49m[43mwords[49m[43m,[49m[43m [49m[43mcolors[49m[38;5;241;43m=[39;49m[43mcolored[49m[43m)[49m
[1;32m    109[0m     out_colored[38;5;241m.[39mappend([38;5;124mf[39m[38;5;124m"[39m[38;5;132;01m{[39;00mfirst_part[38;5;132;01m}[39;00m[38;5;124m [39m[38;5;132;01m{[39;00mcolored_second_part[38;5;132;01m}[39;00m[38;5;124m"[39m)
[1;32m    110[0m [38;5;28;01melse[39;00m:

File [0;32m~/work/mtbp3/mtbp3/mtbp3/util/cdt.py:60[0m, in [0;36mcolor_str[0;34m(input_str, words, colors)[0m
[1;32m     57[0m         [38;5;28;01mcontinue[39;00m
[1;32m     58[0m     output_str [38;5;241m=[39m input_str[:start] [38;5;241m+[39m color_strs[i] [38;5;241m+[39m input_str[start:end] [38;5;241m+[39m [38;5;124m"[39m[38;5;130;01m\x1b[39;00m[38;5;124m[0m[39m[38;5;124m"[39m [38;5;241m+[39m input_str[end:]
[0;32m---> 60[0m [38;5;28;01mreturn[39;00m [43moutput_str[49m

[0;31mUnboundLocalError[0m: local variable 'output_str' referenced before assignment

