Traceback (most recent call last):
  File "/home/runner/.cache/pypoetry/virtualenvs/mtbp3-STzYEG9e-py3.10/lib/python3.10/site-packages/jupyter_cache/executors/utils.py", line 58, in single_nb_execution
    executenb(
  File "/home/runner/.cache/pypoetry/virtualenvs/mtbp3-STzYEG9e-py3.10/lib/python3.10/site-packages/nbclient/client.py", line 1314, in execute
    return NotebookClient(nb=nb, resources=resources, km=km, **kwargs).execute()
  File "/home/runner/.cache/pypoetry/virtualenvs/mtbp3-STzYEG9e-py3.10/lib/python3.10/site-packages/jupyter_core/utils/__init__.py", line 165, in wrapped
    return loop.run_until_complete(inner)
  File "/opt/hostedtoolcache/Python/3.10.14/x64/lib/python3.10/asyncio/base_events.py", line 649, in run_until_complete
    return future.result()
  File "/home/runner/.cache/pypoetry/virtualenvs/mtbp3-STzYEG9e-py3.10/lib/python3.10/site-packages/nbclient/client.py", line 709, in async_execute
    await self.async_execute_cell(
  File "/home/runner/.cache/pypoetry/virtualenvs/mtbp3-STzYEG9e-py3.10/lib/python3.10/site-packages/nbclient/client.py", line 1062, in async_execute_cell
    await self._check_raise_for_error(cell, cell_index, exec_reply)
  File "/home/runner/.cache/pypoetry/virtualenvs/mtbp3-STzYEG9e-py3.10/lib/python3.10/site-packages/nbclient/client.py", line 918, in _check_raise_for_error
    raise CellExecutionError.from_cell_and_msg(cell, exec_reply_content)
nbclient.exceptions.CellExecutionError: An error occurred while executing the following cell:
------------------
## CDISC Foundational Standards

CDISC standards are used through medicinal product development processes, including nonclinical and clinical data collection, processing, reporting, analyzing and more.
CDSIC foundational standards include: 

- Data collection:
    - Clinical Data Acquisition Standards Harmonization (CDASH),
    - Clinical Data Acquisition Standards Harmonization Implementation Guide (CDASHIG),
- Data Tabulation:
    - Standard for Exchange of Nonclinical Data (SEND),
    - Standard for Exchange of Nonclinical Data Implementation Guide (SENDIG),
    - Study Data Tabulation Model (SDTM),
    - Study Data Tabulation Model Implementation Guide (SDTMIG),
- Analysis Data Model (ADaM),
- Questionnaires, Ratings and Scales (QRS), etc.

------------------


[0;36m  Cell [0;32mIn[1], line 3[0;36m[0m
[0;31m    CDISC standards are used through medicinal product development processes, including nonclinical and clinical data collection, processing, reporting, analyzing and more.[0m
[0m          ^[0m
[0;31mSyntaxError[0m[0;31m:[0m invalid syntax


